<?xml version="1.0" encoding="UTF-8"?>
<!-- Generated by org.testng.reporters.JUnitXMLReporter -->
<testsuite ignored="0" hostname="LAPTOP-A05LVLGA" failures="0" tests="3" name="Free CRM App Test Cases" time="64.366" errors="0" timestamp="2022-10-14T12:15:22 EDT">
  <testcase classname="tests.HomePageTest" name="ValidateHowertoContacts" time="2.686"/>
  <testcase classname="tests.LoggedinPageTest" name="ValidateLoginPageTitle" time="0.013"/>
  <testcase classname="tests.LoggedinPageTest" name="ValidateloginTest" time="0.41"/>
</testsuite> <!-- Free CRM App Test Cases -->
