<?xml version="1.0" encoding="UTF-8"?>
<testng-results ignored="0" total="1" passed="1" failed="0" skipped="0">
  <reporter-output>
  </reporter-output>
  <suite started-at="2022-10-14T13:34:02 EDT" name="Default suite" finished-at="2022-10-14T13:34:44 EDT" duration-ms="42253">
    <groups>
    </groups>
    <test started-at="2022-10-14T13:34:02 EDT" name="Default test" finished-at="2022-10-14T13:34:44 EDT" duration-ms="42253">
      <class name="tests.HomePageTest">
        <test-method is-config="true" signature="Begin()[pri:0, instance:tests.HomePageTest@62e7f11d]" started-at="2022-10-14T13:34:02 EDT" name="Begin" finished-at="2022-10-14T13:34:39 EDT" duration-ms="37082" status="PASS">
          <reporter-output>
          </reporter-output>
        </test-method> <!-- Begin -->
        <test-method signature="ValidateHowertoContacts()[pri:0, instance:tests.HomePageTest@62e7f11d]" started-at="2022-10-14T13:34:39 EDT" name="ValidateHowertoContacts" finished-at="2022-10-14T13:34:42 EDT" duration-ms="2555" status="PASS">
          <reporter-output>
          </reporter-output>
        </test-method> <!-- ValidateHowertoContacts -->
        <test-method is-config="true" signature="closeBrowser()[pri:0, instance:tests.HomePageTest@62e7f11d]" started-at="2022-10-14T13:34:42 EDT" name="closeBrowser" finished-at="2022-10-14T13:34:44 EDT" duration-ms="2570" status="PASS">
          <reporter-output>
          </reporter-output>
        </test-method> <!-- closeBrowser -->
      </class> <!-- tests.HomePageTest -->
    </test> <!-- Default test -->
  </suite> <!-- Default suite -->
</testng-results>
